d:\第3章类\classintroduce\debug\vc140.pdb
d:\第3章类\classintroduce\debug\vc140.idb
d:\第3章类\classintroduce\debug\源34.obj
d:\第3章类\classintroduce\debug\源35.obj
d:\第3章类\classintroduce\debug\源36.obj
d:\第3章类\classintroduce\debug\源37.obj
d:\第3章类\classintroduce\debug\源38.obj
d:\第3章类\classintroduce\debug\源39.obj
d:\第3章类\classintroduce\debug\源40.obj
d:\第3章类\classintroduce\debug\源41.obj
d:\第3章类\classintroduce\debug\源42.obj
d:\第3章类\classintroduce\debug\源43.obj
d:\第3章类\classintroduce\debug\源44.obj
d:\第3章类\classintroduce\debug\源45.obj
d:\第3章类\classintroduce\debug\源46.obj
d:\第3章类\classintroduce\debug\源47.obj
d:\第3章类\classintroduce\debug\源48.obj
d:\第3章类\classintroduce\debug\源49.obj
d:\第3章类\classintroduce\debug\源50.obj
d:\第3章类\classintroduce\debug\源51.obj
d:\第3章类\classintroduce\debug\源52.obj
d:\第3章类\classintroduce\debug\源53.obj
d:\第3章类\classintroduce\debug\源14.obj
d:\第3章类\classintroduce\debug\源15.obj
d:\第3章类\classintroduce\debug\源16.obj
d:\第3章类\classintroduce\debug\源17.obj
d:\第3章类\classintroduce\debug\源18.obj
d:\第3章类\classintroduce\debug\源19.obj
d:\第3章类\classintroduce\debug\源20.obj
d:\第3章类\classintroduce\debug\源21.obj
d:\第3章类\classintroduce\debug\源22.obj
d:\第3章类\classintroduce\debug\源23.obj
d:\第3章类\classintroduce\debug\源24.obj
d:\第3章类\classintroduce\debug\源25.obj
d:\第3章类\classintroduce\debug\源26.obj
d:\第3章类\classintroduce\debug\源27.obj
d:\第3章类\classintroduce\debug\源28.obj
d:\第3章类\classintroduce\debug\源29.obj
d:\第3章类\classintroduce\debug\源30.obj
d:\第3章类\classintroduce\debug\源31.obj
d:\第3章类\classintroduce\debug\源32.obj
d:\第3章类\classintroduce\debug\源33.obj
d:\第3章类\classintroduce\debug\源12.obj
d:\第3章类\classintroduce\debug\源13.obj
d:\第3章类\classintroduce\debug\源11.obj
d:\第3章类\classintroduce\debug\013拷贝构造函数.obj
d:\第3章类\classintroduce\debug\014运算符重载.obj
d:\第3章类\classintroduce\debug\015重载赋值运算符.obj
d:\第3章类\classintroduce\debug\016析构函数.obj
d:\第3章类\classintroduce\debug\017new_delete.obj
d:\第3章类\classintroduce\debug\017new_delete创建和删除对象_系统不会自动释放.obj
d:\第3章类\classintroduce\debug\018派生类的概念.obj
d:\第3章类\classintroduce\debug\018继承与派生中的访问方式.obj
d:\第3章类\classintroduce\debug\021析构函数一般写成虚函数.obj
d:\第3章类\classintroduce\debug\022普通函数做类友元函数.obj
d:\第3章类\classintroduce\debug\024友元成员函数.obj
d:\第3章类\classintroduce\debug\025rtti和dynamic_cast类型转换.obj
d:\第3章类\classintroduce\debug\028左值_右值_左值引用_右值引用.obj
d:\第3章类\classintroduce\debug\029临时对象与3种产生临时对象的处理.obj
d:\第3章类\debug\classintroduce.ilk
d:\第3章类\debug\classintroduce.exe
d:\第3章类\debug\classintroduce.pdb
d:\第3章类\classintroduce\debug\源29.obj.enc
d:\第3章类\classintroduce\debug\classintroduce.tlog\cl-dw20-dwwin.delete.1.tlog
d:\第3章类\classintroduce\debug\classintroduce.tlog\cl.command.1.tlog
d:\第3章类\classintroduce\debug\classintroduce.tlog\cl.read.1.tlog
d:\第3章类\classintroduce\debug\classintroduce.tlog\cl.write.1.tlog
d:\第3章类\classintroduce\debug\classintroduce.tlog\link.command.1.tlog
d:\第3章类\classintroduce\debug\classintroduce.tlog\link.read.1.tlog
d:\第3章类\classintroduce\debug\classintroduce.tlog\link.write.1.tlog
