c:\users\baixiaolong\desktop\王健伟cplusplus学习笔记\002基本语言\debug\vc120.pdb
c:\users\baixiaolong\desktop\王健伟cplusplus学习笔记\002基本语言\debug\vc120.idb
c:\users\baixiaolong\desktop\王健伟cplusplus学习笔记\002基本语言\debug\001最简单的helloworld程序.obj
c:\users\baixiaolong\desktop\王健伟cplusplus学习笔记\002基本语言\debug\002命名空间简介.obj
c:\users\baixiaolong\desktop\王健伟cplusplus学习笔记\002基本语言\debug\003基本cin_cout精解.obj
c:\users\baixiaolong\desktop\王健伟cplusplus学习笔记\002基本语言\debug\004.obj
c:\users\baixiaolong\desktop\王健伟cplusplus学习笔记\002基本语言\debug\004局部变量与初始化.obj
c:\users\baixiaolong\desktop\王健伟cplusplus学习笔记\002基本语言\debug\005auto关键字.obj
c:\users\baixiaolong\desktop\王健伟cplusplus学习笔记\002基本语言\debug\006头文件防卫式声明.obj
c:\users\baixiaolong\desktop\王健伟cplusplus学习笔记\002基本语言\debug\007引用.obj
c:\users\baixiaolong\desktop\王健伟cplusplus学习笔记\002基本语言\debug\009.obj
c:\users\baixiaolong\desktop\王健伟cplusplus学习笔记\002基本语言\debug\源.obj
c:\users\baixiaolong\desktop\王健伟cplusplus学习笔记\002基本语言\debug\源1.obj
c:\users\baixiaolong\desktop\王健伟cplusplus学习笔记\002基本语言\debug\源2.obj
c:\users\baixiaolong\desktop\王健伟cplusplus学习笔记\002基本语言\debug\009范围for语句循环遍历序列.obj
c:\users\baixiaolong\desktop\王健伟cplusplus学习笔记\002基本语言\debug\010动态内存分配问题new_delete.obj
c:\users\baixiaolong\desktop\王健伟cplusplus学习笔记\002基本语言\debug\011null和nullptr的问题.obj
c:\users\baixiaolong\desktop\王健伟cplusplus学习笔记\002基本语言\debug\012结构体变量做函数参数的3种方式与c++对结构的扩充_添加成员方法.obj
c:\users\baixiaolong\desktop\王健伟cplusplus学习笔记\002基本语言\debug\源3.obj
c:\users\baixiaolong\desktop\王健伟cplusplus学习笔记\002基本语言\debug\源4.obj
c:\users\baixiaolong\desktop\王健伟cplusplus学习笔记\002基本语言\debug\源5.obj
c:\users\baixiaolong\desktop\王健伟cplusplus学习笔记\002基本语言\debug\源6.obj
c:\users\baixiaolong\desktop\王健伟cplusplus学习笔记\debug\002基本语言.ilk
c:\users\baixiaolong\desktop\王健伟cplusplus学习笔记\debug\002基本语言.exe
c:\users\baixiaolong\desktop\王健伟cplusplus学习笔记\debug\002基本语言.pdb
c:\users\baixiaolong\desktop\王健伟cplusplus学习笔记\002基本语言\debug\002基本语言.tlog\cl.command.1.tlog
c:\users\baixiaolong\desktop\王健伟cplusplus学习笔记\002基本语言\debug\002基本语言.tlog\cl.read.1.tlog
c:\users\baixiaolong\desktop\王健伟cplusplus学习笔记\002基本语言\debug\002基本语言.tlog\cl.write.1.tlog
c:\users\baixiaolong\desktop\王健伟cplusplus学习笔记\002基本语言\debug\002基本语言.tlog\link-cvtres.read.1.tlog
c:\users\baixiaolong\desktop\王健伟cplusplus学习笔记\002基本语言\debug\002基本语言.tlog\link-cvtres.write.1.tlog
c:\users\baixiaolong\desktop\王健伟cplusplus学习笔记\002基本语言\debug\002基本语言.tlog\link-rc.read.1.tlog
c:\users\baixiaolong\desktop\王健伟cplusplus学习笔记\002基本语言\debug\002基本语言.tlog\link-rc.write.1.tlog
c:\users\baixiaolong\desktop\王健伟cplusplus学习笔记\002基本语言\debug\002基本语言.tlog\link.4156-cvtres.read.1.tlog
c:\users\baixiaolong\desktop\王健伟cplusplus学习笔记\002基本语言\debug\002基本语言.tlog\link.4156-cvtres.write.1.tlog
c:\users\baixiaolong\desktop\王健伟cplusplus学习笔记\002基本语言\debug\002基本语言.tlog\link.4156-rc.read.1.tlog
c:\users\baixiaolong\desktop\王健伟cplusplus学习笔记\002基本语言\debug\002基本语言.tlog\link.4156-rc.write.1.tlog
c:\users\baixiaolong\desktop\王健伟cplusplus学习笔记\002基本语言\debug\002基本语言.tlog\link.4156.read.1.tlog
c:\users\baixiaolong\desktop\王健伟cplusplus学习笔记\002基本语言\debug\002基本语言.tlog\link.4156.write.1.tlog
c:\users\baixiaolong\desktop\王健伟cplusplus学习笔记\002基本语言\debug\002基本语言.tlog\link.command.1.tlog
c:\users\baixiaolong\desktop\王健伟cplusplus学习笔记\002基本语言\debug\002基本语言.tlog\link.read.1.tlog
c:\users\baixiaolong\desktop\王健伟cplusplus学习笔记\002基本语言\debug\002基本语言.tlog\link.write.1.tlog
